<?xml version="1.0" encoding="UTF-8"?>
<!-- Generated by org.testng.reporters.JUnitReportReporter -->
<testsuite skipped="0" hostname="DESKTOP-00P6QBP" name="com.test.tc.TCForLoginWithPageFactory" tests="2" failures="0" timestamp="05 Jun 2022 18:20:12 GMT" time="15.836" errors="0">
  <testcase name="checkCourses" time="9.700" classname="com.test.tc.TCForLoginWithPageFactory"/>
  <testcase name="checkTitle" time="6.136" classname="com.test.tc.TCForLoginWithPageFactory"/>
</testsuite> <!-- com.test.tc.TCForLoginWithPageFactory -->
