<?xml version="1.0" encoding="UTF-8"?>
<!-- Generated by org.testng.reporters.JUnitReportReporter -->
<testsuite skipped="0" hostname="DESKTOP-00P6QBP" name="com.test.tc.TCForLoginWithPageFactory3" tests="2" failures="0" timestamp="11 Jun 2022 03:24:27 GMT" time="10.851" errors="0">
  <testcase name="checkTitle" time="10.534" classname="com.test.tc.TCForLoginWithPageFactory3"/>
  <testcase name="checkCourses" time="0.317" classname="com.test.tc.TCForLoginWithPageFactory3"/>
</testsuite> <!-- com.test.tc.TCForLoginWithPageFactory3 -->
