<?xml version="1.0" encoding="UTF-8"?>
<!-- Generated by org.testng.reporters.JUnitReportReporter -->
<testsuite skipped="0" hostname="DESKTOP-00P6QBP" name="com.test.tc.LoginTCWithRelativeXpath" tests="1" failures="0" timestamp="04 Jun 2022 04:46:49 GMT" time="7.397" errors="0">
  <testcase name="validCredential" time="7.397" classname="com.test.tc.LoginTCWithRelativeXpath"/>
</testsuite> <!-- com.test.tc.LoginTCWithRelativeXpath -->
