<?xml version="1.0" encoding="UTF-8"?>
<!-- Generated by org.testng.reporters.JUnitReportReporter -->
<testsuite skipped="0" hostname="DESKTOP-00P6QBP" name="com.test.tc.TCDashboard" tests="2" failures="0" timestamp="11 Jun 2022 14:51:26 GMT" time="7.365" errors="0">
  <testcase name="checkTitle" time="7.051" classname="com.test.tc.TCDashboard"/>
  <testcase name="checkCoursesName" time="0.314" classname="com.test.tc.TCDashboard"/>
</testsuite> <!-- com.test.tc.TCDashboard -->
