<?xml version="1.0" encoding="UTF-8"?>
<!-- Generated by org.testng.reporters.JUnitReportReporter -->
<testsuite skipped="0" hostname="DESKTOP-00P6QBP" name="com.test.tc.RegistrationPage" tests="1" failures="0" timestamp="04 Jun 2022 18:23:39 GMT" time="9.138" errors="0">
  <testcase name="nameCheck" time="9.138" classname="com.test.tc.RegistrationPage"/>
</testsuite> <!-- com.test.tc.RegistrationPage -->
