<?xml version="1.0" encoding="UTF-8"?>
<!-- Generated by org.testng.reporters.JUnitReportReporter -->
<testsuite skipped="0" hostname="DESKTOP-00P6QBP" name="com.test.tc.TCRegistrationPage" tests="6" failures="0" timestamp="05 Jun 2022 06:38:49 GMT" time="33.411" errors="0">
  <testcase name="checkTitle" time="6.480" classname="com.test.tc.TCRegistrationPage"/>
  <testcase name="textCheckJavaByKiran" time="4.360" classname="com.test.tc.TCRegistrationPage"/>
  <testcase name="textCheckRegisterANewMembership" time="5.387" classname="com.test.tc.TCRegistrationPage"/>
  <testcase name="blankCredential" time="5.262" classname="com.test.tc.TCRegistrationPage"/>
  <testcase name="addingUser" time="6.655" classname="com.test.tc.TCRegistrationPage"/>
  <testcase name="checkHyperlinkAlreadyHaveMembership" time="5.267" classname="com.test.tc.TCRegistrationPage"/>
</testsuite> <!-- com.test.tc.TCRegistrationPage -->
